<?xml version="1.0" encoding="UTF-8"?>
<testng-results ignored="0" total="1" passed="0" failed="0" skipped="1">
  <reporter-output>
  </reporter-output>
  <suite started-at="2025-09-24T14:02:29 IST" name="Default suite" finished-at="2025-09-24T14:02:50 IST" duration-ms="20531">
    <groups>
    </groups>
    <test started-at="2025-09-24T14:02:29 IST" name="Default test" finished-at="2025-09-24T14:02:50 IST" duration-ms="20531">
      <class name="com.generalStore.WebHandle">
        <test-method is-config="true" signature="configuration()[pri:0, instance:com.generalStore.WebHandle@2df3b89c]" started-at="2025-09-24T14:02:29 IST" name="configuration" finished-at="2025-09-24T14:02:49 IST" duration-ms="20403" status="FAIL">
          <exception class="io.appium.java_client.service.local.AppiumServerHasNotBeenStartedLocallyException">
            <message>
              <![CDATA[[The local appium server has not been started, Reason: Timed out waiting for [http://127.0.0.1:4723/status] to be available after 20018 ms, Consider increasing the server startup timeout value (currently 20000ms), Node.js executable path: C:\nvm4w\nodejs\node.exe, Arguments: [C:\Users\Kartik\AppData\Roaming\npm\node_modules\appium\build\lib\main.js, --port, 4723, --address, 127.0.0.1]]]]>
            </message>
            <full-stacktrace>
              <![CDATA[io.appium.java_client.service.local.AppiumServerHasNotBeenStartedLocallyException: [The local appium server has not been started, Reason: Timed out waiting for [http://127.0.0.1:4723/status] to be available after 20018 ms, Consider increasing the server startup timeout value (currently 20000ms), Node.js executable path: C:\nvm4w\nodejs\node.exe, Arguments: [C:\Users\Kartik\AppData\Roaming\npm\node_modules\appium\build\lib\main.js, --port, 4723, --address, 127.0.0.1]]
at io.appium.java_client.service.local.AppiumDriverLocalService.start(AppiumDriverLocalService.java:202)
at com.genericLibraries.BaseClass.configuration(BaseClass.java:35)
at java.base/jdk.internal.reflect.DirectMethodHandleAccessor.invoke(DirectMethodHandleAccessor.java:103)
at java.base/java.lang.reflect.Method.invoke(Method.java:580)
at org.testng.internal.invokers.MethodInvocationHelper.invokeMethod(MethodInvocationHelper.java:141)
at org.testng.internal.invokers.MethodInvocationHelper.invokeMethodConsideringTimeout(MethodInvocationHelper.java:71)
at org.testng.internal.invokers.ConfigInvoker.invokeConfigurationMethod(ConfigInvoker.java:400)
at org.testng.internal.invokers.ConfigInvoker.invokeConfigurations(ConfigInvoker.java:333)
at org.testng.TestRunner.invokeTestConfigurations(TestRunner.java:657)
at org.testng.TestRunner.beforeRun(TestRunner.java:646)
at org.testng.TestRunner.run(TestRunner.java:612)
at org.testng.SuiteRunner.runTest(SuiteRunner.java:421)
at org.testng.SuiteRunner.runSequentially(SuiteRunner.java:413)
at org.testng.SuiteRunner.privateRun(SuiteRunner.java:373)
at org.testng.SuiteRunner.run(SuiteRunner.java:312)
at org.testng.SuiteRunnerWorker.runSuite(SuiteRunnerWorker.java:52)
at org.testng.SuiteRunnerWorker.run(SuiteRunnerWorker.java:95)
at org.testng.TestNG.runSuitesSequentially(TestNG.java:1274)
at org.testng.TestNG.runSuitesLocally(TestNG.java:1208)
at org.testng.TestNG.runSuites(TestNG.java:1112)
at org.testng.TestNG.run(TestNG.java:1079)
at org.testng.remote.AbstractRemoteTestNG.run(AbstractRemoteTestNG.java:115)
at org.testng.remote.RemoteTestNG.initAndRun(RemoteTestNG.java:293)
at org.testng.remote.RemoteTestNG.main(RemoteTestNG.java:91)
Caused by: org.openqa.selenium.net.UrlChecker$TimeoutException: Timed out waiting for [http://127.0.0.1:4723/status] to be available after 20018 ms
at org.openqa.selenium.net.UrlChecker.waitUntilAvailable(UrlChecker.java:94)
at io.appium.java_client.service.local.AppiumDriverLocalService.ping(AppiumDriverLocalService.java:157)
at io.appium.java_client.service.local.AppiumDriverLocalService.start(AppiumDriverLocalService.java:181)
... 23 more
Caused by: java.util.concurrent.TimeoutException
at java.base/java.util.concurrent.FutureTask.get(FutureTask.java:204)
at org.openqa.selenium.net.UrlChecker.waitUntilAvailable(UrlChecker.java:91)
... 25 more
]]>
            </full-stacktrace>
          </exception> <!-- io.appium.java_client.service.local.AppiumServerHasNotBeenStartedLocallyException -->
          <reporter-output>
          </reporter-output>
        </test-method> <!-- configuration -->
        <test-method is-config="true" signature="initialConfiguration()[pri:0, instance:com.generalStore.WebHandle@2df3b89c]" started-at="2025-09-24T14:02:50 IST" name="initialConfiguration" finished-at="2025-09-24T14:02:50 IST" duration-ms="0" status="SKIP">
          <reporter-output>
          </reporter-output>
        </test-method> <!-- initialConfiguration -->
        <test-method signature="addProductToCart()[pri:0, instance:com.generalStore.WebHandle@2df3b89c]" started-at="2025-09-24T14:02:50 IST" name="addProductToCart" finished-at="2025-09-24T14:02:50 IST" duration-ms="0" status="SKIP">
          <exception class="io.appium.java_client.service.local.AppiumServerHasNotBeenStartedLocallyException">
            <message>
              <![CDATA[[The local appium server has not been started, Reason: Timed out waiting for [http://127.0.0.1:4723/status] to be available after 20018 ms, Consider increasing the server startup timeout value (currently 20000ms), Node.js executable path: C:\nvm4w\nodejs\node.exe, Arguments: [C:\Users\Kartik\AppData\Roaming\npm\node_modules\appium\build\lib\main.js, --port, 4723, --address, 127.0.0.1]]]]>
            </message>
            <full-stacktrace>
              <![CDATA[io.appium.java_client.service.local.AppiumServerHasNotBeenStartedLocallyException: [The local appium server has not been started, Reason: Timed out waiting for [http://127.0.0.1:4723/status] to be available after 20018 ms, Consider increasing the server startup timeout value (currently 20000ms), Node.js executable path: C:\nvm4w\nodejs\node.exe, Arguments: [C:\Users\Kartik\AppData\Roaming\npm\node_modules\appium\build\lib\main.js, --port, 4723, --address, 127.0.0.1]]
at io.appium.java_client.service.local.AppiumDriverLocalService.start(AppiumDriverLocalService.java:202)
at com.genericLibraries.BaseClass.configuration(BaseClass.java:35)
at java.base/jdk.internal.reflect.DirectMethodHandleAccessor.invoke(DirectMethodHandleAccessor.java:103)
at java.base/java.lang.reflect.Method.invoke(Method.java:580)
at org.testng.internal.invokers.MethodInvocationHelper.invokeMethod(MethodInvocationHelper.java:141)
at org.testng.internal.invokers.MethodInvocationHelper.invokeMethodConsideringTimeout(MethodInvocationHelper.java:71)
at org.testng.internal.invokers.ConfigInvoker.invokeConfigurationMethod(ConfigInvoker.java:400)
at org.testng.internal.invokers.ConfigInvoker.invokeConfigurations(ConfigInvoker.java:333)
at org.testng.TestRunner.invokeTestConfigurations(TestRunner.java:657)
at org.testng.TestRunner.beforeRun(TestRunner.java:646)
at org.testng.TestRunner.run(TestRunner.java:612)
at org.testng.SuiteRunner.runTest(SuiteRunner.java:421)
at org.testng.SuiteRunner.runSequentially(SuiteRunner.java:413)
at org.testng.SuiteRunner.privateRun(SuiteRunner.java:373)
at org.testng.SuiteRunner.run(SuiteRunner.java:312)
at org.testng.SuiteRunnerWorker.runSuite(SuiteRunnerWorker.java:52)
at org.testng.SuiteRunnerWorker.run(SuiteRunnerWorker.java:95)
at org.testng.TestNG.runSuitesSequentially(TestNG.java:1274)
at org.testng.TestNG.runSuitesLocally(TestNG.java:1208)
at org.testng.TestNG.runSuites(TestNG.java:1112)
at org.testng.TestNG.run(TestNG.java:1079)
at org.testng.remote.AbstractRemoteTestNG.run(AbstractRemoteTestNG.java:115)
at org.testng.remote.RemoteTestNG.initAndRun(RemoteTestNG.java:293)
at org.testng.remote.RemoteTestNG.main(RemoteTestNG.java:91)
Caused by: org.openqa.selenium.net.UrlChecker$TimeoutException: Timed out waiting for [http://127.0.0.1:4723/status] to be available after 20018 ms
at org.openqa.selenium.net.UrlChecker.waitUntilAvailable(UrlChecker.java:94)
at io.appium.java_client.service.local.AppiumDriverLocalService.ping(AppiumDriverLocalService.java:157)
at io.appium.java_client.service.local.AppiumDriverLocalService.start(AppiumDriverLocalService.java:181)
... 23 more
Caused by: java.util.concurrent.TimeoutException
at java.base/java.util.concurrent.FutureTask.get(FutureTask.java:204)
at org.openqa.selenium.net.UrlChecker.waitUntilAvailable(UrlChecker.java:91)
... 25 more
]]>
            </full-stacktrace>
          </exception> <!-- io.appium.java_client.service.local.AppiumServerHasNotBeenStartedLocallyException -->
          <reporter-output>
          </reporter-output>
        </test-method> <!-- addProductToCart -->
        <test-method is-config="true" signature="teardown()[pri:0, instance:com.generalStore.WebHandle@2df3b89c]" started-at="2025-09-24T14:02:50 IST" name="teardown" finished-at="2025-09-24T14:02:50 IST" duration-ms="0" status="SKIP">
          <reporter-output>
          </reporter-output>
        </test-method> <!-- teardown -->
      </class> <!-- com.generalStore.WebHandle -->
    </test> <!-- Default test -->
  </suite> <!-- Default suite -->
</testng-results>
